<?xml version="1.0" encoding="UTF-8"?>
<testsuite name="parqueadero.parqueadero.ParqueaderoApplicationTests" tests="1" skipped="0" failures="0" errors="0" timestamp="2018-06-28T20:13:46" hostname="FRANCISCO-SALAZAR" time="0.003">
  <properties/>
  <testcase name="contextLoads" classname="parqueadero.parqueadero.ParqueaderoApplicationTests" time="0.003"/>
  <system-out><![CDATA[2018-06-28 15:13:46.159  INFO 7788 --- [    Test worker] .b.t.c.SpringBootTestContextBootstrapper : Neither @ContextConfiguration nor @ContextHierarchy found for test class [parqueadero.parqueadero.ParqueaderoApplicationTests], using SpringBootContextLoader
2018-06-28 15:13:46.160  INFO 7788 --- [    Test worker] o.s.t.c.support.AbstractContextLoader    : Could not detect default resource locations for test class [parqueadero.parqueadero.ParqueaderoApplicationTests]: no resource found for suffixes {-context.xml, Context.groovy}.
2018-06-28 15:13:46.160  INFO 7788 --- [    Test worker] t.c.s.AnnotationConfigContextLoaderUtils : Could not detect default configuration classes for test class [parqueadero.parqueadero.ParqueaderoApplicationTests]: ParqueaderoApplicationTests does not declare any static, non-private, non-final, nested classes annotated with @Configuration.
2018-06-28 15:13:46.169  INFO 7788 --- [    Test worker] .b.t.c.SpringBootTestContextBootstrapper : Found @SpringBootConfiguration parqueadero.ParqueaderoApplication for test class parqueadero.parqueadero.ParqueaderoApplicationTests
2018-06-28 15:13:46.172  INFO 7788 --- [    Test worker] .b.t.c.SpringBootTestContextBootstrapper : Loaded default TestExecutionListener class names from location [META-INF/spring.factories]: [org.springframework.boot.test.autoconfigure.restdocs.RestDocsTestExecutionListener, org.springframework.boot.test.autoconfigure.web.client.MockRestServiceServerResetTestExecutionListener, org.springframework.boot.test.autoconfigure.web.servlet.MockMvcPrintOnlyOnFailureTestExecutionListener, org.springframework.boot.test.autoconfigure.web.servlet.WebDriverTestExecutionListener, org.springframework.boot.test.mock.mockito.MockitoTestExecutionListener, org.springframework.boot.test.mock.mockito.ResetMocksTestExecutionListener, org.springframework.test.context.web.ServletTestExecutionListener, org.springframework.test.context.support.DirtiesContextBeforeModesTestExecutionListener, org.springframework.test.context.support.DependencyInjectionTestExecutionListener, org.springframework.test.context.support.DirtiesContextTestExecutionListener, org.springframework.test.context.transaction.TransactionalTestExecutionListener, org.springframework.test.context.jdbc.SqlScriptsTestExecutionListener]
2018-06-28 15:13:46.173  INFO 7788 --- [    Test worker] .b.t.c.SpringBootTestContextBootstrapper : Using TestExecutionListeners: [org.springframework.test.context.web.ServletTestExecutionListener@44682aa4, org.springframework.test.context.support.DirtiesContextBeforeModesTestExecutionListener@3a962624, org.springframework.boot.test.mock.mockito.MockitoTestExecutionListener@78548ba2, org.springframework.boot.test.autoconfigure.SpringBootDependencyInjectionTestExecutionListener@9ce9d3f, org.springframework.test.context.support.DirtiesContextTestExecutionListener@cf6aba8, org.springframework.test.context.transaction.TransactionalTestExecutionListener@75a0b14, org.springframework.test.context.jdbc.SqlScriptsTestExecutionListener@5b0f99c6, org.springframework.boot.test.autoconfigure.restdocs.RestDocsTestExecutionListener@2655d0fd, org.springframework.boot.test.autoconfigure.web.client.MockRestServiceServerResetTestExecutionListener@1f479474, org.springframework.boot.test.autoconfigure.web.servlet.MockMvcPrintOnlyOnFailureTestExecutionListener@48922e23, org.springframework.boot.test.autoconfigure.web.servlet.WebDriverTestExecutionListener@6f744f5e, org.springframework.boot.test.mock.mockito.ResetMocksTestExecutionListener@672ea875]
]]></system-out>
  <system-err><![CDATA[]]></system-err>
</testsuite>
